Copyright 1986-2017 Xilinx, Inc. All Rights Reserved.
------------------------------------------------------------------------------------
| Tool Version : Vivado v.2017.4 (lin64) Build 2086221 Fri Dec 15 20:54:30 MST 2017
| Date         : Sun Apr 29 20:01:59 2018
| Host         : dakre-VirtualBox running 64-bit Ubuntu 16.04.3 LTS
| Command      : report_utilization -file ./Implement/top_utilization_full_rt.rpt
| Design       : top
| Device       : 7z020clg400-1
| Design State : Routed
------------------------------------------------------------------------------------

Utilization Design Information

Table of Contents
-----------------
1. Slice Logic
1.1 Summary of Registers by Type
2. Slice Logic Distribution
3. Memory
4. DSP
5. IO and GT Specific
6. Clocking
7. Specific Feature
8. Primitives
9. Black Boxes
10. Instantiated Netlists

1. Slice Logic
--------------

+-------------------------+------+-------+-----------+-------+
|        Site Type        | Used | Fixed | Available | Util% |
+-------------------------+------+-------+-----------+-------+
| Slice LUTs              |  759 |     0 |     53200 |  1.43 |
|   LUT as Logic          |  759 |     0 |     53200 |  1.43 |
|   LUT as Memory         |    0 |     0 |     17400 |  0.00 |
| Slice Registers         |   16 |     0 |    106400 |  0.02 |
|   Register as Flip Flop |   16 |     0 |    106400 |  0.02 |
|   Register as Latch     |    0 |     0 |    106400 |  0.00 |
| F7 Muxes                |    0 |     0 |     26600 |  0.00 |
| F8 Muxes                |    0 |     0 |     13300 |  0.00 |
+-------------------------+------+-------+-----------+-------+


1.1 Summary of Registers by Type
--------------------------------

+-------+--------------+-------------+--------------+
| Total | Clock Enable | Synchronous | Asynchronous |
+-------+--------------+-------------+--------------+
| 0     |            _ |           - |            - |
| 0     |            _ |           - |          Set |
| 0     |            _ |           - |        Reset |
| 0     |            _ |         Set |            - |
| 0     |            _ |       Reset |            - |
| 0     |          Yes |           - |            - |
| 0     |          Yes |           - |          Set |
| 0     |          Yes |           - |        Reset |
| 0     |          Yes |         Set |            - |
| 16    |          Yes |       Reset |            - |
+-------+--------------+-------------+--------------+


2. Slice Logic Distribution
---------------------------

+-------------------------------------------+------+-------+-----------+-------+
|                 Site Type                 | Used | Fixed | Available | Util% |
+-------------------------------------------+------+-------+-----------+-------+
| Slice                                     |  265 |     0 |     13300 |  1.99 |
|   SLICEL                                  |  142 |     0 |           |       |
|   SLICEM                                  |  123 |     0 |           |       |
| LUT as Logic                              |  759 |     0 |     53200 |  1.43 |
|   using O5 output only                    |    0 |       |           |       |
|   using O6 output only                    |  709 |       |           |       |
|   using O5 and O6                         |   50 |       |           |       |
| LUT as Memory                             |    0 |     0 |     17400 |  0.00 |
|   LUT as Distributed RAM                  |    0 |     0 |           |       |
|   LUT as Shift Register                   |    0 |     0 |           |       |
| LUT Flip Flop Pairs                       |    1 |     0 |     53200 | <0.01 |
|   fully used LUT-FF pairs                 |    0 |       |           |       |
|   LUT-FF pairs with one unused LUT output |    1 |       |           |       |
|   LUT-FF pairs with one unused Flip Flop  |    1 |       |           |       |
| Unique Control Sets                       |    2 |       |           |       |
+-------------------------------------------+------+-------+-----------+-------+
* Note: Review the Control Sets Report for more information regarding control sets.


3. Memory
---------

+----------------+------+-------+-----------+-------+
|    Site Type   | Used | Fixed | Available | Util% |
+----------------+------+-------+-----------+-------+
| Block RAM Tile |    0 |     0 |       140 |  0.00 |
|   RAMB36/FIFO* |    0 |     0 |       140 |  0.00 |
|   RAMB18       |    0 |     0 |       280 |  0.00 |
+----------------+------+-------+-----------+-------+
* Note: Each Block RAM Tile only has one FIFO logic available and therefore can accommodate only one FIFO36E1 or one FIFO18E1. However, if a FIFO18E1 occupies a Block RAM Tile, that tile can still accommodate a RAMB18E1


4. DSP
------

+----------------+------+-------+-----------+-------+
|    Site Type   | Used | Fixed | Available | Util% |
+----------------+------+-------+-----------+-------+
| DSPs           |    1 |     0 |       220 |  0.45 |
|   DSP48E1 only |    1 |       |           |       |
+----------------+------+-------+-----------+-------+


5. IO and GT Specific
---------------------

+-----------------------------+------+-------+-----------+-------+
|          Site Type          | Used | Fixed | Available | Util% |
+-----------------------------+------+-------+-----------+-------+
| Bonded IOB                  |   92 |     0 |       125 | 73.60 |
|   IOB Master Pads           |   44 |       |           |       |
|   IOB Slave Pads            |   46 |       |           |       |
| Bonded IPADs                |    0 |     0 |         2 |  0.00 |
| Bonded IOPADs               |    0 |     0 |       130 |  0.00 |
| PHY_CONTROL                 |    0 |     0 |         4 |  0.00 |
| PHASER_REF                  |    0 |     0 |         4 |  0.00 |
| OUT_FIFO                    |    0 |     0 |        16 |  0.00 |
| IN_FIFO                     |    0 |     0 |        16 |  0.00 |
| IDELAYCTRL                  |    0 |     0 |         4 |  0.00 |
| IBUFDS                      |    0 |     0 |       121 |  0.00 |
| PHASER_OUT/PHASER_OUT_PHY   |    0 |     0 |        16 |  0.00 |
| PHASER_IN/PHASER_IN_PHY     |    0 |     0 |        16 |  0.00 |
| IDELAYE2/IDELAYE2_FINEDELAY |    0 |     0 |       200 |  0.00 |
| ILOGIC                      |    0 |     0 |       125 |  0.00 |
| OLOGIC                      |    0 |     0 |       125 |  0.00 |
+-----------------------------+------+-------+-----------+-------+


6. Clocking
-----------

+------------+------+-------+-----------+-------+
|  Site Type | Used | Fixed | Available | Util% |
+------------+------+-------+-----------+-------+
| BUFGCTRL   |    0 |     0 |        32 |  0.00 |
| BUFIO      |    0 |     0 |        16 |  0.00 |
| MMCME2_ADV |    0 |     0 |         4 |  0.00 |
| PLLE2_ADV  |    0 |     0 |         4 |  0.00 |
| BUFMRCE    |    0 |     0 |         8 |  0.00 |
| BUFHCE     |    0 |     0 |        72 |  0.00 |
| BUFR       |    0 |     0 |        16 |  0.00 |
+------------+------+-------+-----------+-------+


7. Specific Feature
-------------------

+-------------+------+-------+-----------+-------+
|  Site Type  | Used | Fixed | Available | Util% |
+-------------+------+-------+-----------+-------+
| BSCANE2     |    0 |     0 |         4 |  0.00 |
| CAPTUREE2   |    0 |     0 |         1 |  0.00 |
| DNA_PORT    |    0 |     0 |         1 |  0.00 |
| EFUSE_USR   |    0 |     0 |         1 |  0.00 |
| FRAME_ECCE2 |    0 |     0 |         1 |  0.00 |
| ICAPE2      |    0 |     0 |         2 |  0.00 |
| STARTUPE2   |    0 |     0 |         1 |  0.00 |
| XADC        |    0 |     0 |         1 |  0.00 |
+-------------+------+-------+-----------+-------+


8. Primitives
-------------

+----------+------+----------------------+
| Ref Name | Used |  Functional Category |
+----------+------+----------------------+
| LUT3     |  498 |                  LUT |
| CARRY4   |  180 |           CarryLogic |
| BIBUF    |  130 |                   IO |
| LUT1     |   77 |                  LUT |
| LUT2     |   72 |                  LUT |
| LUT4     |   64 |                  LUT |
| LUT6     |   63 |                  LUT |
| IBUF     |   41 |                   IO |
| LUT5     |   35 |                  LUT |
| OBUFT    |   32 |                   IO |
| OBUF     |   19 |                   IO |
| FDRE     |   16 |         Flop & Latch |
| PS7      |    1 | Specialized Resource |
| DSP48E1  |    1 |     Block Arithmetic |
+----------+------+----------------------+


9. Black Boxes
--------------

+----------+------+
| Ref Name | Used |
+----------+------+


10. Instantiated Netlists
-------------------------

+----------------------+------+
|       Ref Name       | Used |
+----------------------+------+
| processing_system7_0 |    1 |
| SUB                  |    1 |
| SHR                  |    1 |
| SHL                  |    1 |
| REG                  |    1 |
| MUX2x1               |    1 |
| MUL                  |    1 |
| MOD                  |    1 |
| INC                  |    1 |
| DIV                  |    1 |
| DEC                  |    1 |
| COMP                 |    1 |
| ADD                  |    1 |
+----------------------+------+


